<?xml version="1.0" encoding="UTF-8"?>
<!-- Generated by org.testng.reporters.JUnitReportReporter -->
<testsuite hostname="ArjunLaptop" failures="0" tests="1" name="runner.LeadsHooks" time="19.266" errors="0" timestamp="2024-12-26T13:56:25 IST" skipped="0">
  <testcase classname="runner.LeadsHooks" name="runScenario" time="19.266"/>
  <system-out/>
</testsuite> <!-- runner.LeadsHooks -->
