<?xml version="1.0" encoding="UTF-8"?>
<!-- Generated by org.testng.reporters.JUnitReportReporter -->
<testsuite hostname="ArjunLaptop" failures="0" tests="1" name="testcases.Logout" time="9.248" errors="0" timestamp="2024-12-27T11:30:16 IST" skipped="0">
  <testcase classname="testcases.Logout" name="logout" time="9.248"/>
  <system-out/>
</testsuite> <!-- testcases.Logout -->
