<?xml version="1.0" encoding="UTF-8"?>
<!-- Generated by org.testng.reporters.JUnitReportReporter -->
<testsuite hostname="ArjunLaptop" failures="0" tests="1" name="testcases.CreateAccount" time="14.717" errors="0" timestamp="2024-12-27T11:39:32 IST" skipped="0">
  <testcase classname="testcases.CreateAccount" name="createAcc" time="14.717"/>
  <system-out/>
</testsuite> <!-- testcases.CreateAccount -->
