<?xml version="1.0" encoding="UTF-8"?>
<!-- Generated by org.testng.reporters.JUnitReportReporter -->
<testsuite hostname="ArjunLaptop" failures="0" tests="1" name="testcases.TC_002_LogoutPage" time="11.073" errors="0" timestamp="2024-12-27T15:58:14 IST" skipped="0">
  <testcase classname="testcases.TC_002_LogoutPage" name="logout" time="11.073"/>
  <system-out/>
</testsuite> <!-- testcases.TC_002_LogoutPage -->
