<?xml version="1.0" encoding="UTF-8"?>
<!-- Generated by org.testng.reporters.JUnitReportReporter -->
<testsuite hostname="ArjunLaptop" failures="0" tests="1" name="testcases.TC_001_LoginPage" time="8.907" errors="0" timestamp="2024-12-30T11:23:18 IST" skipped="0">
  <testcase classname="testcases.TC_001_LoginPage" name="login" time="8.907"/>
  <system-out/>
</testsuite> <!-- testcases.TC_001_LoginPage -->
