<?xml version="1.0" encoding="UTF-8"?>
<!-- Generated by org.testng.reporters.JUnitReportReporter -->
<testsuite hostname="ArjunLaptop" failures="0" tests="3" name="testcases.TC_003_CreateAccount" time="41.483" errors="0" timestamp="2024-12-30T15:38:20 IST" skipped="0">
  <testcase classname="testcases.TC_003_CreateAccount" name="createAcc" time="17.911"/>
  <system-out/>
  <testcase classname="testcases.TC_003_CreateAccount" name="createAcc" time="10.301"/>
  <system-out/>
  <testcase classname="testcases.TC_003_CreateAccount" name="createAcc" time="13.271"/>
  <system-out/>
</testsuite> <!-- testcases.TC_003_CreateAccount -->
