<?xml version="1.0" encoding="UTF-8"?>
<!-- Generated by org.testng.reporters.JUnitReportReporter -->
<testsuite hostname="ArjunLaptop" failures="0" tests="3" name="testcases.TC_003_CreateAccount" time="53.872" errors="0" timestamp="2025-01-03T19:57:00 IST" skipped="0">
  <testcase classname="testcases.TC_003_CreateAccount" name="createAcc" time="17.274"/>
  <system-out/>
  <testcase classname="testcases.TC_003_CreateAccount" name="createAcc" time="20.490"/>
  <system-out/>
  <testcase classname="testcases.TC_003_CreateAccount" name="createAcc" time="16.108"/>
  <system-out/>
</testsuite> <!-- testcases.TC_003_CreateAccount -->
